<?xml version="1.0" encoding="UTF-8"?>
<!-- Generated by org.testng.reporters.JUnitXMLReporter -->
<testsuite hostname="krishna-PC" name="Regression suite 1" tests="8" failures="0" timestamp="19 May 2018 21:26:06 GMT" time="543.757" errors="0">
  <testcase name="verifyLoginPageTitleTest" time="2.098" classname="com.crm.qa.tests.LoginPageTest"/>
  <testcase name="verifyCRMLogoTest" time="1.438" classname="com.crm.qa.tests.LoginPageTest"/>
  <testcase name="verifySignupLinkTest" time="11.361" classname="com.crm.qa.tests.LoginPageTest"/>
  <testcase name="VerifyLoginFuctionalityTest" time="22.395" classname="com.crm.qa.tests.LoginPageTest"/>
  <testcase name="verifyHomePageTitleTest" time="0.849" classname="com.crm.qa.tests.HomePageTest"/>
  <testcase name="verifyUserLabelTest" time="2.187" classname="com.crm.qa.tests.HomePageTest"/>
  <testcase name="verifyContactLinkTest" time="6.725" classname="com.crm.qa.tests.HomePageTest"/>
  <testcase name="verifyNewContactLinkTest" time="10.775" classname="com.crm.qa.tests.HomePageTest"/>
</testsuite> <!-- Regression suite 1 -->
