<?xml version="1.0" encoding="UTF-8"?>
<testng-results skipped="0" failed="0" total="8" passed="8">
  <reporter-output>
  </reporter-output>
  <suite name="example suite 1" duration-ms="543757" started-at="2018-05-19T21:17:01Z" finished-at="2018-05-19T21:26:05Z">
    <groups>
    </groups>
    <test name="Regression suite 1" duration-ms="543757" started-at="2018-05-19T21:17:01Z" finished-at="2018-05-19T21:26:05Z">
      <class name="com.crm.qa.tests.LoginPageTest">
        <test-method status="PASS" signature="setup()[pri:0, instance:com.crm.qa.tests.LoginPageTest@7f9a81e8]" name="setup" is-config="true" duration-ms="60800" started-at="2018-05-20T02:47:01Z" finished-at="2018-05-20T02:48:02Z">
          <reporter-output>
          </reporter-output>
        </test-method> <!-- setup -->
        <test-method status="PASS" signature="verifyLoginPageTitleTest()[pri:0, instance:com.crm.qa.tests.LoginPageTest@7f9a81e8]" name="verifyLoginPageTitleTest" duration-ms="2098" started-at="2018-05-20T02:48:02Z" finished-at="2018-05-20T02:48:04Z">
          <reporter-output>
          </reporter-output>
        </test-method> <!-- verifyLoginPageTitleTest -->
        <test-method status="PASS" signature="teardown()[pri:0, instance:com.crm.qa.tests.LoginPageTest@7f9a81e8]" name="teardown" is-config="true" duration-ms="5052" started-at="2018-05-20T02:48:04Z" finished-at="2018-05-20T02:48:09Z">
          <reporter-output>
          </reporter-output>
        </test-method> <!-- teardown -->
        <test-method status="PASS" signature="setup()[pri:0, instance:com.crm.qa.tests.LoginPageTest@7f9a81e8]" name="setup" is-config="true" duration-ms="36865" started-at="2018-05-20T02:48:09Z" finished-at="2018-05-20T02:48:46Z">
          <reporter-output>
          </reporter-output>
        </test-method> <!-- setup -->
        <test-method status="PASS" signature="verifyCRMLogoTest()[pri:0, instance:com.crm.qa.tests.LoginPageTest@7f9a81e8]" name="verifyCRMLogoTest" duration-ms="1438" started-at="2018-05-20T02:48:46Z" finished-at="2018-05-20T02:48:47Z">
          <reporter-output>
          </reporter-output>
        </test-method> <!-- verifyCRMLogoTest -->
        <test-method status="PASS" signature="teardown()[pri:0, instance:com.crm.qa.tests.LoginPageTest@7f9a81e8]" name="teardown" is-config="true" duration-ms="3176" started-at="2018-05-20T02:48:47Z" finished-at="2018-05-20T02:48:50Z">
          <reporter-output>
          </reporter-output>
        </test-method> <!-- teardown -->
        <test-method status="PASS" signature="setup()[pri:0, instance:com.crm.qa.tests.LoginPageTest@7f9a81e8]" name="setup" is-config="true" duration-ms="34002" started-at="2018-05-20T02:48:50Z" finished-at="2018-05-20T02:49:24Z">
          <reporter-output>
          </reporter-output>
        </test-method> <!-- setup -->
        <test-method status="PASS" signature="verifySignupLinkTest()[pri:0, instance:com.crm.qa.tests.LoginPageTest@7f9a81e8]" name="verifySignupLinkTest" duration-ms="11361" started-at="2018-05-20T02:49:24Z" finished-at="2018-05-20T02:49:36Z">
          <reporter-output>
          </reporter-output>
        </test-method> <!-- verifySignupLinkTest -->
        <test-method status="PASS" signature="teardown()[pri:0, instance:com.crm.qa.tests.LoginPageTest@7f9a81e8]" name="teardown" is-config="true" duration-ms="9505" started-at="2018-05-20T02:49:36Z" finished-at="2018-05-20T02:49:45Z">
          <reporter-output>
          </reporter-output>
        </test-method> <!-- teardown -->
        <test-method status="PASS" signature="setup()[pri:0, instance:com.crm.qa.tests.LoginPageTest@7f9a81e8]" name="setup" is-config="true" duration-ms="29917" started-at="2018-05-20T02:49:45Z" finished-at="2018-05-20T02:50:15Z">
          <reporter-output>
          </reporter-output>
        </test-method> <!-- setup -->
        <test-method status="PASS" signature="VerifyLoginFuctionalityTest()[pri:0, instance:com.crm.qa.tests.LoginPageTest@7f9a81e8]" name="VerifyLoginFuctionalityTest" duration-ms="22395" started-at="2018-05-20T02:50:15Z" finished-at="2018-05-20T02:50:38Z">
          <reporter-output>
          </reporter-output>
        </test-method> <!-- VerifyLoginFuctionalityTest -->
        <test-method status="PASS" signature="teardown()[pri:0, instance:com.crm.qa.tests.LoginPageTest@7f9a81e8]" name="teardown" is-config="true" duration-ms="7651" started-at="2018-05-20T02:50:38Z" finished-at="2018-05-20T02:50:45Z">
          <reporter-output>
          </reporter-output>
        </test-method> <!-- teardown -->
      </class> <!-- com.crm.qa.tests.LoginPageTest -->
      <class name="com.crm.qa.tests.HomePageTest">
        <test-method status="PASS" signature="setup()[pri:0, instance:com.crm.qa.tests.HomePageTest@68be2bc2]" name="setup" is-config="true" duration-ms="65143" started-at="2018-05-20T02:50:45Z" finished-at="2018-05-20T02:51:51Z">
          <reporter-output>
          </reporter-output>
        </test-method> <!-- setup -->
        <test-method status="PASS" signature="verifyHomePageTitleTest()[pri:0, instance:com.crm.qa.tests.HomePageTest@68be2bc2]" name="verifyHomePageTitleTest" duration-ms="849" started-at="2018-05-20T02:51:51Z" finished-at="2018-05-20T02:51:51Z">
          <reporter-output>
          </reporter-output>
        </test-method> <!-- verifyHomePageTitleTest -->
        <test-method status="PASS" signature="teardown()[pri:0, instance:com.crm.qa.tests.HomePageTest@68be2bc2]" name="teardown" is-config="true" duration-ms="5973" started-at="2018-05-20T02:51:51Z" finished-at="2018-05-20T02:51:57Z">
          <reporter-output>
          </reporter-output>
        </test-method> <!-- teardown -->
        <test-method status="PASS" signature="setup()[pri:0, instance:com.crm.qa.tests.HomePageTest@68be2bc2]" name="setup" is-config="true" duration-ms="62333" started-at="2018-05-20T02:51:57Z" finished-at="2018-05-20T02:53:00Z">
          <reporter-output>
          </reporter-output>
        </test-method> <!-- setup -->
        <test-method status="PASS" signature="verifyUserLabelTest()[pri:0, instance:com.crm.qa.tests.HomePageTest@68be2bc2]" name="verifyUserLabelTest" duration-ms="2187" started-at="2018-05-20T02:53:00Z" finished-at="2018-05-20T02:53:02Z">
          <reporter-output>
          </reporter-output>
        </test-method> <!-- verifyUserLabelTest -->
        <test-method status="PASS" signature="teardown()[pri:0, instance:com.crm.qa.tests.HomePageTest@68be2bc2]" name="teardown" is-config="true" duration-ms="18970" started-at="2018-05-20T02:53:02Z" finished-at="2018-05-20T02:53:21Z">
          <reporter-output>
          </reporter-output>
        </test-method> <!-- teardown -->
        <test-method status="PASS" signature="setup()[pri:0, instance:com.crm.qa.tests.HomePageTest@68be2bc2]" name="setup" is-config="true" duration-ms="60404" started-at="2018-05-20T02:53:21Z" finished-at="2018-05-20T02:54:21Z">
          <reporter-output>
          </reporter-output>
        </test-method> <!-- setup -->
        <test-method status="PASS" signature="verifyContactLinkTest()[pri:0, instance:com.crm.qa.tests.HomePageTest@68be2bc2]" name="verifyContactLinkTest" duration-ms="6725" started-at="2018-05-20T02:54:21Z" finished-at="2018-05-20T02:54:28Z">
          <reporter-output>
          </reporter-output>
        </test-method> <!-- verifyContactLinkTest -->
        <test-method status="PASS" signature="teardown()[pri:0, instance:com.crm.qa.tests.HomePageTest@68be2bc2]" name="teardown" is-config="true" duration-ms="8643" started-at="2018-05-20T02:54:28Z" finished-at="2018-05-20T02:54:37Z">
          <reporter-output>
          </reporter-output>
        </test-method> <!-- teardown -->
        <test-method status="PASS" signature="setup()[pri:0, instance:com.crm.qa.tests.HomePageTest@68be2bc2]" name="setup" is-config="true" duration-ms="67216" started-at="2018-05-20T02:54:37Z" finished-at="2018-05-20T02:55:44Z">
          <reporter-output>
          </reporter-output>
        </test-method> <!-- setup -->
        <test-method status="PASS" signature="verifyNewContactLinkTest()[pri:0, instance:com.crm.qa.tests.HomePageTest@68be2bc2]" name="verifyNewContactLinkTest" duration-ms="10775" started-at="2018-05-20T02:55:44Z" finished-at="2018-05-20T02:55:55Z">
          <reporter-output>
          </reporter-output>
        </test-method> <!-- verifyNewContactLinkTest -->
        <test-method status="PASS" signature="teardown()[pri:0, instance:com.crm.qa.tests.HomePageTest@68be2bc2]" name="teardown" is-config="true" duration-ms="9923" started-at="2018-05-20T02:55:55Z" finished-at="2018-05-20T02:56:05Z">
          <reporter-output>
          </reporter-output>
        </test-method> <!-- teardown -->
      </class> <!-- com.crm.qa.tests.HomePageTest -->
    </test> <!-- Regression suite 1 -->
  </suite> <!-- example suite 1 -->
</testng-results>
